Using pre-set license

 COMMAND LINE ARGUMENTS:
/Applications/Unity/Hub/Editor/2020.3.13f1/Unity.app/Contents/MacOS/Unity
-adb2
-batchMode
-noUpm
-name
AssetImportWorker0
-projectPath
/Users/destinyguzman/Documents/GitHub/XRfoundations/FoundationsProject
-logFile
Logs/AssetImportWorker0.log
-srvPort
61983
Successfully changed project path to: /Users/destinyguzman/Documents/GitHub/XRfoundations/FoundationsProject
/Users/destinyguzman/Documents/GitHub/XRfoundations/FoundationsProject
Using Asset Import Pipeline V2.
Refreshing native plugins compatible for Editor in 73.01 ms, found 3 plugins.
Preloading 0 native plugins for Editor in 0.00 ms.
Initialize engine version: 2020.3.13f1 (71691879b7f5)
[Subsystems] Discovering subsystems at path /Applications/Unity/Hub/Editor/2020.3.13f1/Unity.app/Contents/Resources/UnitySubsystems
[Subsystems] Discovering subsystems at path /Users/destinyguzman/Documents/GitHub/XRfoundations/FoundationsProject/Assets
GfxDevice: creating device client; threaded=0
2022-04-27 20:21:56.389 Unity[4234:4161809] (null) preferred device: Apple M1 Pro (high power)
2022-04-27 20:21:56.389 Unity[4234:4161809] Metal devices available: 1
2022-04-27 20:21:56.389 Unity[4234:4161809] 0: Apple M1 Pro (high power)
2022-04-27 20:21:56.389 Unity[4234:4161809] Using device Apple M1 Pro (high power)
Initializing Metal device caps: Apple M1 Pro
Initialize mono
Mono path[0] = '/Applications/Unity/Hub/Editor/2020.3.13f1/Unity.app/Contents/Managed'
Mono path[1] = '/Applications/Unity/Hub/Editor/2020.3.13f1/Unity.app/Contents/MonoBleedingEdge/lib/mono/unityjit'
Mono config path = '/Applications/Unity/Hub/Editor/2020.3.13f1/Unity.app/Contents/MonoBleedingEdge/etc'
Using monoOptions --debugger-agent=transport=dt_socket,embedding=1,server=y,suspend=n,address=127.0.0.1:56234
Begin MonoManager ReloadAssembly
Registering precompiled unity dll's ...
Register platform support module: /Applications/Unity/Hub/Editor/2020.3.13f1/Unity.app/Contents/PlaybackEngines/MacStandaloneSupport/UnityEditor.OSXStandalone.Extensions.dll
Registered in 0.002274 seconds.
Native extension for OSXStandalone target not found
Refreshing native plugins compatible for Editor in 70.88 ms, found 3 plugins.
Preloading 0 native plugins for Editor in 0.00 ms.
Mono: successfully reloaded assembly
- Completed reload, in  3.251 seconds
Platform modules already initialized, skipping
Registering precompiled user dll's ...
Registered in 0.004099 seconds.
Begin MonoManager ReloadAssembly
Native extension for OSXStandalone target not found
Refreshing native plugins compatible for Editor in 76.16 ms, found 3 plugins.
Preloading 0 native plugins for Editor in 0.00 ms.
Mono: successfully reloaded assembly
- Completed reload, in  3.188 seconds
Platform modules already initialized, skipping
========================================================================
Worker process is ready to serve import requests
Shader 'Universal Render Pipeline/Particles/Lit': fallback shader 'Universal Render Pipeline/Particles/SimpleLit' not found
Shader 'Universal Render Pipeline/Particles/Lit': fallback shader 'Universal Render Pipeline/Particles/SimpleLit' not found
Launching external process: /Applications/Unity/Hub/Editor/2020.3.13f1/Unity.app/Contents/Tools/UnityShaderCompiler
Launched and connected shader compiler UnityShaderCompiler after 0.03 seconds
Refreshing native plugins compatible for Editor in 0.80 ms, found 3 plugins.
Preloading 0 native plugins for Editor in 0.00 ms.
Unloading 3690 Unused Serialized files (Serialized files now loaded: 0)
System memory in use before: 254.2 MB.
System memory in use after: 251.5 MB.

Unloading 62 unused Assets to reduce memory usage. Loaded Objects now: 4093.
Total: 4.165125 ms (FindLiveObjects: 0.472125 ms CreateObjectMapping: 0.103875 ms MarkObjects: 2.131666 ms  DeleteObjects: 1.455958 ms)

AssetImportParameters requested are different than current active one (requested -> active):
  custom:video-decoder-ogg-theora: a1e56fd34408186e4bbccfd4996cb3dc -> 
  custom:container-muxer-webm: aa71ff27fc2769a1b78a27578f13a17b -> 
  custom:container-demuxer-webm: 4f35f7cbe854078d1ac9338744f61a02 -> 
  custom:container-demuxer-ogg: 62fdf1f143b41e24485cea50d1cbac27 -> 
  custom:video-encoder-webm-vp8: eb34c28f22e8b96e1ab97ce403110664 -> 
  custom:framework-osx-AVFoundation: e770b220cccbd017edd2c1fefb359320 -> 
  custom:video-decoder-webm-vp8: 9c59270c3fd7afecdb556c50c9e8de78 -> 
  custom:audio-decoder-ogg-vorbis: bf7c407c2cedff20999df2af8eb42d56 -> 
  custom:audio-encoder-webm-vorbis: bf7c407c2cedff20999df2af8eb42d56 -> 
========================================================================
Received Import Request.
  path: Assets/Scripts/EnergyProjectile.cs
  artifactKey: Guid(0f3156ea4956c4c6f84516e90dee66b7) Importer(815301076,1909f56bfc062723c751e8b465ee728b)
Start importing Assets/Scripts/EnergyProjectile.cs using Guid(0f3156ea4956c4c6f84516e90dee66b7) Importer(815301076,1909f56bfc062723c751e8b465ee728b)  -> (artifact id: 'e9e3254b07a8f368060503158d89a96b') in 1.038036 seconds 
  Import took 1.045084 seconds .

========================================================================
Received Import Request.
  Time since last request: 44.875632 seconds.
  path: Assets/Scripts/RedLightGreenLight.cs
  artifactKey: Guid(54b443616d5fd41ee819ec0cfb11a40a) Importer(815301076,1909f56bfc062723c751e8b465ee728b)
Start importing Assets/Scripts/RedLightGreenLight.cs using Guid(54b443616d5fd41ee819ec0cfb11a40a) Importer(815301076,1909f56bfc062723c751e8b465ee728b)  -> (artifact id: '56f76f5cdbd87549d946d266df6ed391') in 0.004051 seconds 
  Import took 0.018459 seconds .

